<?xml version="1.0"?>
<testsuite name="Chrome 138.0.0.0 (Windows 10)" package="" timestamp="2025-07-22T07:15:54" id="0" hostname="DESKTOP-2SQNLIN" tests="3" errors="0" failures="0" time="0.209">
  <properties>
    <property name="browser.fullName" value="Mozilla/5.0 (Windows NT 10.0; Win64; x64) AppleWebKit/537.36 (KHTML, like Gecko) Chrome/138.0.0.0 Safari/537.36"/>
  </properties>
  <testcase name="AppComponent should render title" time="0.195" classname="AppComponent"/>
  <testcase name="AppComponent should create the app" time="0.007" classname="AppComponent"/>
  <testcase name="AppComponent should have the 'karma' title" time="0.007" classname="AppComponent"/>
  <system-out>
    <![CDATA[Chrome 138.0.0.0 (Windows 10) ERROR
  Disconnected Client disconnected from CONNECTED state (transport close)

]]>
  </system-out>
  <system-err/>
</testsuite>