<?xml version="1.0"?>
<testsuite name="Chrome Headless 138.0.0.0 (Windows 10)" package="" timestamp="2025-07-23T09:02:20" id="0" hostname="DESKTOP-2SQNLIN" tests="3" errors="0" failures="0" time="0.195">
  <properties>
    <property name="browser.fullName" value="Mozilla/5.0 (Windows NT 10.0; Win64; x64) AppleWebKit/537.36 (KHTML, like Gecko) HeadlessChrome/138.0.0.0 Safari/537.36"/>
  </properties>
  <testcase name="AppComponent should create the app" time="0.172" classname="AppComponent"/>
  <testcase name="AppComponent should have the 'karma' title" time="0.008" classname="AppComponent"/>
  <testcase name="AppComponent should render title" time="0.015" classname="AppComponent"/>
  <system-out>
    <![CDATA[
]]>
  </system-out>
  <system-err/>
</testsuite>